----------------------------------
2018-09-14 18:21:02.521294
Weather Updated
-----------------------------------------------------------------------------
2018-09-14 18:21:06.499857
Weather Updated
-----------------------------------------------------------------------------
2018-09-14 18:40:52.246754
Weather Updated
-----------------------------------------------------------------------------
2018-09-14 18:40:55.708992
Weather Updated
-----------------------------------------------------------------------------
2018-09-14 18:55:52.259180
Weather Updated
-----------------------------------------------------------------------------
2018-09-14 18:55:55.718191
Weather Updated
-----------------------------------------------------------------------------
2018-09-14 19:10:55.726830
Weather Updated
-----------------------------------------------------------------------------
2018-09-14 19:10:52.269223
Weather Updated
-----------------------------------------------------------------------------
2018-09-14 19:25:52.279303
Weather Updated
-----------------------------------------------------------------------------
2018-09-14 19:25:55.736563
Weather Updated
-----------------------------------------------------------------------------
2018-09-14 19:27:10.011420
Weather Updated
-----------------------------------------------------------------------------
2018-09-14 19:27:11.801791
AQI Current Conditions Updated
-----------------------------------------------------------------------------
2018-09-14 19:27:13.576676
Weather Updated
-----------------------------------------------------------------------------
2018-09-14 19:42:10.019127
Weather Updated
-----------------------------------------------------------------------------
2018-09-14 19:42:11.819253
AQI Current Conditions Updated
-----------------------------------------------------------------------------
2018-09-14 19:42:13.589706
Weather Updated
-----------------------------------------------------------------------------
2018-09-14 19:57:10.029395
Weather Updated
-----------------------------------------------------------------------------
2018-09-14 19:57:11.830614
AQI Current Conditions Updated
-----------------------------------------------------------------------------
2018-09-14 19:57:13.599267
Weather Updated
-----------------------------------------------------------------------------
2018-09-14 20:12:10.039164
Weather Updated
-----------------------------------------------------------------------------
2018-09-14 20:12:11.838786
AQI Current Conditions Updated
-----------------------------------------------------------------------------
2018-09-14 20:12:13.616621
Weather Updated
-----------------------------------------------------------------------------
2018-09-14 20:27:10.049238
Weather Updated
-----------------------------------------------------------------------------
2018-09-14 20:27:11.849075
AQI Current Conditions Updated
-----------------------------------------------------------------------------
2018-09-14 20:27:13.628755
Weather Updated
-----------------------------------------------------------------------------
2018-09-14 20:42:10.059248
Weather Updated
-----------------------------------------------------------------------------
2018-09-14 20:42:11.859555
AQI Current Conditions Updated
-----------------------------------------------------------------------------
2018-09-14 20:42:13.645167
Weather Updated
-----------------------------------------------------------------------------
2018-09-14 20:57:11.869603
AQI Current Conditions Updated
-----------------------------------------------------------------------------
2018-09-14 20:57:13.659509
Weather Updated
-----------------------------------------------------------------------------
2018-09-14 20:57:10.069218
Weather Updated
-----------------------------------------------------------------------------
2018-09-14 23:31:06.332820
Weather Updated
-----------------------------------------------------------------------------
2018-09-14 23:31:10.793855
Weather Updated
-----------------------------------------------------------------------------
2018-09-16 12:57:02.307049
Weather Updated
-----------------------------------------------------------------------------
2018-09-16 12:57:02.247654
Weather Updated
-----------------------------------------------------------------------------
2018-09-16 13:12:02.342853
Weather Updated
-----------------------------------------------------------------------------
2018-09-16 13:12:02.324467
Weather Updated
-----------------------------------------------------------------------------
2018-09-16 13:24:02.186903
Weather Updated
-----------------------------------------------------------------------------
2018-09-16 13:32:28.904402
AQI Current Conditions Updated
-----------------------------------------------------------------------------
2018-09-16 13:32:30.598234
Weather Updated
-----------------------------------------------------------------------------
2018-09-16 13:47:28.917087
AQI Current Conditions Updated
-----------------------------------------------------------------------------
2018-09-16 13:47:30.606248
Weather Updated
-----------------------------------------------------------------------------
2018-09-16 13:52:05.639541
AQI Current Conditions Updated
-----------------------------------------------------------------------------
2018-09-16 13:52:07.441366
Weather Updated
-----------------------------------------------------------------------------
2018-09-16 13:54:41.348106
AQI Current Conditions Updated
-----------------------------------------------------------------------------
2018-09-16 13:54:43.116829
Weather Updated
-----------------------------------------------------------------------------
2018-09-16 13:55:43.623203
AQI Current Conditions Updated
-----------------------------------------------------------------------------
2018-09-16 13:55:45.407249
Weather Updated
-----------------------------------------------------------------------------
2018-09-16 14:07:43.660721
AQI Daily Forecase Updated
-----------------------------------------------------------------------------
2018-09-16 14:09:41.805589
AQI Daily Forecase Updated
-----------------------------------------------------------------------------
2018-09-16 14:16:11.556466
AQI Current Conditions Updated
-----------------------------------------------------------------------------
2018-09-16 14:16:13.357633
Weather Updated
-----------------------------------------------------------------------------
2018-09-16 14:17:33.145292
AQI Current Conditions Updated
-----------------------------------------------------------------------------
2018-09-16 14:17:34.843729
Weather Updated
-----------------------------------------------------------------------------
2018-09-16 14:32:33.156538
AQI Current Conditions Updated
-----------------------------------------------------------------------------
2018-09-16 14:32:34.861889
Weather Updated
-----------------------------------------------------------------------------
2018-09-16 14:47:33.177016
AQI Current Conditions Updated
-----------------------------------------------------------------------------
2018-09-16 14:47:34.873987
Weather Updated
-----------------------------------------------------------------------------
2018-09-16 15:02:33.186971
AQI Current Conditions Updated
-----------------------------------------------------------------------------
2018-09-16 15:02:34.888765
Weather Updated
-----------------------------------------------------------------------------
2018-09-16 15:17:34.905336
Weather Updated
-----------------------------------------------------------------------------
2018-09-16 15:17:33.193942
AQI Current Conditions Updated
-----------------------------------------------------------------------------
2018-09-16 15:32:33.206314
AQI Current Conditions Updated
-----------------------------------------------------------------------------
2018-09-16 15:32:34.915374
Weather Updated
-----------------------------------------------------------------------------
2018-09-16 15:47:33.213512
AQI Current Conditions Updated
-----------------------------------------------------------------------------
2018-09-16 15:47:34.927115
Weather Updated
-----------------------------------------------------------------------------
2018-09-16 16:02:33.224714
AQI Current Conditions Updated
-----------------------------------------------------------------------------
2018-09-16 16:02:34.937504
Weather Updated
-----------------------------------------------------------------------------
2018-09-16 16:17:33.236643
AQI Current Conditions Updated
-----------------------------------------------------------------------------
2018-09-16 16:17:34.948400
Weather Updated
-----------------------------------------------------------------------------
2018-09-16 16:32:33.246975
AQI Current Conditions Updated
-----------------------------------------------------------------------------
2018-09-16 16:32:34.957117
Weather Updated
-----------------------------------------------------------------------------
2018-09-16 16:47:33.256834
AQI Current Conditions Updated
-----------------------------------------------------------------------------
2018-09-16 16:47:34.968571
Weather Updated
-----------------------------------------------------------------------------
2018-09-16 17:02:33.266741
AQI Current Conditions Updated
-----------------------------------------------------------------------------
2018-09-16 17:02:34.979669
Weather Updated
-----------------------------------------------------------------------------
2018-09-16 17:17:33.276939
AQI Current Conditions Updated
-----------------------------------------------------------------------------
2018-09-16 17:17:34.993226
Weather Updated
-----------------------------------------------------------------------------
2018-09-16 17:32:33.286883
AQI Current Conditions Updated
-----------------------------------------------------------------------------
2018-09-16 17:32:35.006576
Weather Updated
-----------------------------------------------------------------------------
2018-09-16 17:47:33.296816
AQI Current Conditions Updated
-----------------------------------------------------------------------------
2018-09-16 17:47:35.021730
Weather Updated
-----------------------------------------------------------------------------
2018-09-16 18:02:33.306955
AQI Current Conditions Updated
-----------------------------------------------------------------------------
2018-09-16 18:02:35.029629
Weather Updated
-----------------------------------------------------------------------------
2018-09-16 18:17:33.316935
AQI Current Conditions Updated
-----------------------------------------------------------------------------
2018-09-16 18:17:35.045155
Weather Updated
-----------------------------------------------------------------------------
2018-09-16 18:32:35.072439
Weather Updated
-----------------------------------------------------------------------------
2018-09-16 18:32:33.326783
AQI Current Conditions Updated
-----------------------------------------------------------------------------
2018-09-16 18:47:33.336917
AQI Current Conditions Updated
-----------------------------------------------------------------------------
2018-09-16 18:47:35.090139
Weather Updated
-----------------------------------------------------------------------------
2018-09-16 19:02:33.345681
AQI Current Conditions Updated
-----------------------------------------------------------------------------
2018-09-16 19:02:35.106307
Weather Updated
-----------------------------------------------------------------------------
2018-09-16 19:17:33.356558
AQI Current Conditions Updated
-----------------------------------------------------------------------------
2018-09-16 19:17:35.114858
Weather Updated
-----------------------------------------------------------------------------
2018-09-16 19:32:33.367082
AQI Current Conditions Updated
-----------------------------------------------------------------------------
2018-09-16 19:32:35.126850
Weather Updated
-----------------------------------------------------------------------------
2018-09-16 19:47:33.375990
AQI Current Conditions Updated
-----------------------------------------------------------------------------
2018-09-16 19:47:35.139121
Weather Updated
-----------------------------------------------------------------------------
2018-09-16 20:02:33.386514
AQI Current Conditions Updated
-----------------------------------------------------------------------------
2018-09-16 20:02:35.148408
Weather Updated
-----------------------------------------------------------------------------
2018-09-16 20:17:33.396756
AQI Current Conditions Updated
-----------------------------------------------------------------------------
2018-09-16 20:17:35.165144
Weather Updated
-----------------------------------------------------------------------------
2018-09-16 20:32:33.407228
AQI Current Conditions Updated
-----------------------------------------------------------------------------
2018-09-16 20:32:35.166944
Weather Updated
-----------------------------------------------------------------------------
2018-09-16 20:33:48.596604
AQI Current Conditions Updated
-----------------------------------------------------------------------------
2018-09-16 20:33:50.390491
Weather Updated
-----------------------------------------------------------------------------
2018-09-16 20:36:23.882093
AQI Current Conditions Updated
-----------------------------------------------------------------------------
2018-09-16 20:36:25.776340
Weather Updated
-----------------------------------------------------------------------------
2018-09-16 20:50:17.444632
AQI Current Conditions Updated
-----------------------------------------------------------------------------
2018-09-16 20:50:19.266745
Weather Updated
-----------------------------------------------------------------------------
2018-09-16 21:01:52.946181
AQI Current Conditions Updated
-----------------------------------------------------------------------------
2018-09-16 21:01:54.979610
Weather Updated
-------------------------------------------